[debug] [2024-05-30T13:44:59.536Z] ----------------------------------------------------------------------
[debug] [2024-05-30T13:44:59.539Z] Command:       /usr/local/bin/node /usr/local/bin/firebase init
[debug] [2024-05-30T13:44:59.539Z] CLI Version:   13.7.0
[debug] [2024-05-30T13:44:59.540Z] Platform:      darwin
[debug] [2024-05-30T13:44:59.540Z] Node Version:  v20.12.1
[debug] [2024-05-30T13:44:59.540Z] Time:          Thu May 30 2024 16:44:59 GMT+0300 (Eastern European Summer Time)
[debug] [2024-05-30T13:44:59.540Z] ----------------------------------------------------------------------
[debug] 
[debug] [2024-05-30T13:44:59.546Z] > command requires scopes: ["email","openid","https://www.googleapis.com/auth/cloudplatformprojects.readonly","https://www.googleapis.com/auth/firebase","https://www.googleapis.com/auth/cloud-platform"]
[debug] [2024-05-30T13:44:59.546Z] > authorizing via signed-in user (gyvenklabiau@gmail.com)
[info] 
     ######## #### ########  ######## ########     ###     ######  ########
     ##        ##  ##     ## ##       ##     ##  ##   ##  ##       ##
     ######    ##  ########  ######   ########  #########  ######  ######
     ##        ##  ##    ##  ##       ##     ## ##     ##       ## ##
     ##       #### ##     ## ######## ########  ##     ##  ######  ########

You're about to initialize a Firebase project in this directory:

  /Users/t/Documents/chexss

[info] 
=== Project Setup
[info] 
[info] First, let's associate this project directory with a Firebase project.
[info] You can create multiple project aliases by running firebase use --add, 
[info] but for now we'll just set up a default project.
[info] 
[debug] [2024-05-30T14:14:52.654Z] >>> [apiv2][query] GET https://firebase.googleapis.com/v1beta1/projects pageSize=100
[debug] [2024-05-30T14:14:53.379Z] <<< [apiv2][status] GET https://firebase.googleapis.com/v1beta1/projects 200
[debug] [2024-05-30T14:14:53.379Z] <<< [apiv2][body] GET https://firebase.googleapis.com/v1beta1/projects [omitted]
[info] i  Using project chexss (chexss) 
[info] 
=== Database Setup
[info] i  database: ensuring required API firebasedatabase.googleapis.com is enabled... 
[debug] [2024-05-30T14:14:55.470Z] >>> [apiv2][query] GET https://serviceusage.googleapis.com/v1/projects/chexss/services/firebasedatabase.googleapis.com [none]
[debug] [2024-05-30T14:14:55.470Z] >>> [apiv2][(partial)header] GET https://serviceusage.googleapis.com/v1/projects/chexss/services/firebasedatabase.googleapis.com x-goog-quota-user=projects/chexss
[debug] [2024-05-30T14:14:56.628Z] <<< [apiv2][status] GET https://serviceusage.googleapis.com/v1/projects/chexss/services/firebasedatabase.googleapis.com 200
[debug] [2024-05-30T14:14:56.628Z] <<< [apiv2][body] GET https://serviceusage.googleapis.com/v1/projects/chexss/services/firebasedatabase.googleapis.com [omitted]
[info] ✔  database: required API firebasedatabase.googleapis.com is enabled 
[info] 
[debug] [2024-05-30T14:14:56.629Z] >>> [apiv2][query] GET https://firebasedatabase.googleapis.com/v1beta/projects/chexss/locations/-/instances/chexss-default-rtdb [none]
[debug] [2024-05-30T14:14:57.723Z] <<< [apiv2][status] GET https://firebasedatabase.googleapis.com/v1beta/projects/chexss/locations/-/instances/chexss-default-rtdb 200
[debug] [2024-05-30T14:14:57.724Z] <<< [apiv2][body] GET https://firebasedatabase.googleapis.com/v1beta/projects/chexss/locations/-/instances/chexss-default-rtdb {"name":"projects/653145902526/locations/us-central1/instances/chexss-default-rtdb","project":"projects/653145902526","databaseUrl":"https://chexss-default-rtdb.firebaseio.com","type":"DEFAULT_DATABASE","state":"ACTIVE"}
[info] 
[info] Firebase Realtime Database Security Rules allow you to define how your data should be
[info] structured and when your data can be read from and written to.
[info] 
[debug] [2024-05-30T14:15:05.180Z] >>> [apiv2][query] GET https://chexss-default-rtdb.firebaseio.com/.settings/rules.json [none]
[debug] [2024-05-30T14:15:05.699Z] <<< [apiv2][status] GET https://chexss-default-rtdb.firebaseio.com/.settings/rules.json 200
[debug] [2024-05-30T14:15:05.700Z] <<< [apiv2][body] GET https://chexss-default-rtdb.firebaseio.com/.settings/rules.json [stream]
[info] ✔  Database Rules for chexss-default-rtdb have been written to database.rules.json. 
[info] Future modifications to database.rules.json will update Realtime Database Security Rules when you run
[info] firebase deploy.
[info] 
=== Hosting Setup
[debug] [2024-05-30T14:15:05.706Z] >>> [apiv2][query] GET https://firebase.googleapis.com/v1beta1/projects/chexss [none]
[debug] [2024-05-30T14:15:06.113Z] <<< [apiv2][status] GET https://firebase.googleapis.com/v1beta1/projects/chexss 200
[debug] [2024-05-30T14:15:06.113Z] <<< [apiv2][body] GET https://firebase.googleapis.com/v1beta1/projects/chexss {"projectId":"chexss","projectNumber":"653145902526","displayName":"chexss","name":"projects/chexss","resources":{"hostingSite":"chexss","realtimeDatabaseInstance":"chexss-default-rtdb","storageBucket":"chexss.appspot.com","locationId":"us-central"},"state":"ACTIVE","etag":"1_8aa0411f-3c9f-4e65-86b8-1f5a79eb082a"}
[info] 
[info] Your public directory is the folder (relative to your project directory) that
[info] will contain Hosting assets to be uploaded with firebase deploy. If you
[info] have a build process for your assets, use your build's output directory.
[info] 
[info] ✔  Wrote public/404.html 
[debug] [2024-05-30T14:15:15.356Z] >>> [apiv2][query] GET https://www.gstatic.com/firebasejs/releases.json [none]
[debug] [2024-05-30T14:15:15.620Z] <<< [apiv2][status] GET https://www.gstatic.com/firebasejs/releases.json 200
[debug] [2024-05-30T14:15:15.620Z] <<< [apiv2][body] GET https://www.gstatic.com/firebasejs/releases.json {"current":{"version":"10.12.2","browserURL":"https://www.gstatic.com/firebasejs/10.12.2/firebase.js","packageURL":"https://www.gstatic.com/firebasejs/10.12.2/firebase.tgz"},"live":{"version":"10.12","browserURL":"https://www.gstatic.com/firebasejs/live/10.12/firebase.js","packageURL":"https://www.gstatic.com/firebasejs/live/10.12/firebase.tgz"},"components":{"analytics":"https://www.gstatic.com/firebasejs/10.12.2/firebase-analytics.js","app":"https://www.gstatic.com/firebasejs/10.12.2/firebase-app.js","app-check":"https://www.gstatic.com/firebasejs/10.12.2/firebase-app-check.js","auth":"https://www.gstatic.com/firebasejs/10.12.2/firebase-auth.js","auth/cordova":"https://www.gstatic.com/firebasejs/10.12.2/firebase-auth/cordova.js","auth/web-extension":"https://www.gstatic.com/firebasejs/10.12.2/firebase-auth/web-extension.js","functions":"https://www.gstatic.com/firebasejs/10.12.2/firebase-functions.js","firestore":"https://www.gstatic.com/firebasejs/10.12.2/firebase-firestore.js","firestore/lite":"https://www.gstatic.com/firebasejs/10.12.2/firebase-firestore/lite.js","installations":"https://www.gstatic.com/firebasejs/10.12.2/firebase-installations.js","storage":"https://www.gstatic.com/firebasejs/10.12.2/firebase-storage.js","performance":"https://www.gstatic.com/firebasejs/10.12.2/firebase-performance.js","remote-config":"https://www.gstatic.com/firebasejs/10.12.2/firebase-remote-config.js","messaging":"https://www.gstatic.com/firebasejs/10.12.2/firebase-messaging.js","messaging/sw":"https://www.gstatic.com/firebasejs/10.12.2/firebase-messaging/sw.js","database":"https://www.gstatic.com/firebasejs/10.12.2/firebase-database.js","vertexai-preview":"https://www.gstatic.com/firebasejs/10.12.2/firebase-vertexai-preview.js","firestore.memory":"https://www.gstatic.com/firebasejs/10.12.2/firebase-firestore.memory.js"}}
[info] ✔  Wrote public/index.html 
[info] 
[info] i  Detected a .git folder at /Users/t/Documents/chexss 
[info] i  Authorizing with GitHub to upload your service account to a GitHub repository's secrets store. 
[info] 
[info] Visit this URL on this device to log in:
[info] https://github.com/login/oauth/authorize?client_id=89cf50f02ac6aaed3484&state=26537701&redirect_uri=http%3A%2F%2Flocalhost%3A9005&scope=read%3Auser%20repo%20public_repo
[info] 
[info] Waiting for authentication...
[debug] [2024-05-30T14:15:58.590Z] ----------------------------------------------------------------------
[debug] [2024-05-30T14:15:58.593Z] Command:       /usr/local/bin/node /usr/local/bin/firebase init
[debug] [2024-05-30T14:15:58.593Z] CLI Version:   13.7.0
[debug] [2024-05-30T14:15:58.594Z] Platform:      darwin
[debug] [2024-05-30T14:15:58.594Z] Node Version:  v20.12.1
[debug] [2024-05-30T14:15:58.594Z] Time:          Thu May 30 2024 17:15:58 GMT+0300 (Eastern European Summer Time)
[debug] [2024-05-30T14:15:58.594Z] ----------------------------------------------------------------------
[debug] 
[debug] [2024-05-30T14:15:58.601Z] > command requires scopes: ["email","openid","https://www.googleapis.com/auth/cloudplatformprojects.readonly","https://www.googleapis.com/auth/firebase","https://www.googleapis.com/auth/cloud-platform"]
[debug] [2024-05-30T14:15:58.602Z] > authorizing via signed-in user (gyvenklabiau@gmail.com)
[info] 
     ######## #### ########  ######## ########     ###     ######  ########
     ##        ##  ##     ## ##       ##     ##  ##   ##  ##       ##
     ######    ##  ########  ######   ########  #########  ######  ######
     ##        ##  ##    ##  ##       ##     ## ##     ##       ## ##
     ##       #### ##     ## ######## ########  ##     ##  ######  ########

You're about to initialize a Firebase project in this directory:

  /Users/t/Documents/chexss

[info] 
=== Project Setup
[info] 
[info] First, let's associate this project directory with a Firebase project.
[info] You can create multiple project aliases by running firebase use --add, 
[info] but for now we'll just set up a default project.
[info] 
[debug] [2024-05-30T14:16:59.014Z] >>> [apiv2][query] GET https://firebase.googleapis.com/v1beta1/projects pageSize=100
[debug] [2024-05-30T14:16:59.821Z] <<< [apiv2][status] GET https://firebase.googleapis.com/v1beta1/projects 200
[debug] [2024-05-30T14:16:59.821Z] <<< [apiv2][body] GET https://firebase.googleapis.com/v1beta1/projects [omitted]
[info] i  Using project chexss (chexss) 
[info] 
=== Database Setup
[info] i  database: ensuring required API firebasedatabase.googleapis.com is enabled... 
[debug] [2024-05-30T14:17:01.900Z] >>> [apiv2][query] GET https://serviceusage.googleapis.com/v1/projects/chexss/services/firebasedatabase.googleapis.com [none]
[debug] [2024-05-30T14:17:01.900Z] >>> [apiv2][(partial)header] GET https://serviceusage.googleapis.com/v1/projects/chexss/services/firebasedatabase.googleapis.com x-goog-quota-user=projects/chexss
[debug] [2024-05-30T14:17:03.115Z] <<< [apiv2][status] GET https://serviceusage.googleapis.com/v1/projects/chexss/services/firebasedatabase.googleapis.com 200
[debug] [2024-05-30T14:17:03.115Z] <<< [apiv2][body] GET https://serviceusage.googleapis.com/v1/projects/chexss/services/firebasedatabase.googleapis.com [omitted]
[info] ✔  database: required API firebasedatabase.googleapis.com is enabled 
[info] 
[debug] [2024-05-30T14:17:03.117Z] >>> [apiv2][query] GET https://firebasedatabase.googleapis.com/v1beta/projects/chexss/locations/-/instances/chexss-default-rtdb [none]
[debug] [2024-05-30T14:17:04.139Z] <<< [apiv2][status] GET https://firebasedatabase.googleapis.com/v1beta/projects/chexss/locations/-/instances/chexss-default-rtdb 200
[debug] [2024-05-30T14:17:04.139Z] <<< [apiv2][body] GET https://firebasedatabase.googleapis.com/v1beta/projects/chexss/locations/-/instances/chexss-default-rtdb {"name":"projects/653145902526/locations/us-central1/instances/chexss-default-rtdb","project":"projects/653145902526","databaseUrl":"https://chexss-default-rtdb.firebaseio.com","type":"DEFAULT_DATABASE","state":"ACTIVE"}
[info] 
[info] Firebase Realtime Database Security Rules allow you to define how your data should be
[info] structured and when your data can be read from and written to.
[info] 
[debug] [2024-05-30T14:17:11.683Z] >>> [apiv2][query] GET https://chexss-default-rtdb.firebaseio.com/.settings/rules.json [none]
[debug] [2024-05-30T14:17:12.238Z] <<< [apiv2][status] GET https://chexss-default-rtdb.firebaseio.com/.settings/rules.json 200
[debug] [2024-05-30T14:17:12.238Z] <<< [apiv2][body] GET https://chexss-default-rtdb.firebaseio.com/.settings/rules.json [stream]
[info] ✔  Database Rules for chexss-default-rtdb have been written to database.rules.json. 
[info] Future modifications to database.rules.json will update Realtime Database Security Rules when you run
[info] firebase deploy.
[info] 
=== Hosting Setup
[debug] [2024-05-30T14:17:12.241Z] >>> [apiv2][query] GET https://firebase.googleapis.com/v1beta1/projects/chexss [none]
[debug] [2024-05-30T14:17:12.639Z] <<< [apiv2][status] GET https://firebase.googleapis.com/v1beta1/projects/chexss 200
[debug] [2024-05-30T14:17:12.639Z] <<< [apiv2][body] GET https://firebase.googleapis.com/v1beta1/projects/chexss {"projectId":"chexss","projectNumber":"653145902526","displayName":"chexss","name":"projects/chexss","resources":{"hostingSite":"chexss","realtimeDatabaseInstance":"chexss-default-rtdb","storageBucket":"chexss.appspot.com","locationId":"us-central"},"state":"ACTIVE","etag":"1_8aa0411f-3c9f-4e65-86b8-1f5a79eb082a"}
[info] 
[info] Your public directory is the folder (relative to your project directory) that
[info] will contain Hosting assets to be uploaded with firebase deploy. If you
[info] have a build process for your assets, use your build's output directory.
[info] 
[debug] [2024-05-30T14:17:18.217Z] >>> [apiv2][query] GET https://www.gstatic.com/firebasejs/releases.json [none]
[debug] [2024-05-30T14:17:18.428Z] <<< [apiv2][status] GET https://www.gstatic.com/firebasejs/releases.json 200
[debug] [2024-05-30T14:17:18.428Z] <<< [apiv2][body] GET https://www.gstatic.com/firebasejs/releases.json {"current":{"version":"10.12.2","browserURL":"https://www.gstatic.com/firebasejs/10.12.2/firebase.js","packageURL":"https://www.gstatic.com/firebasejs/10.12.2/firebase.tgz"},"live":{"version":"10.12","browserURL":"https://www.gstatic.com/firebasejs/live/10.12/firebase.js","packageURL":"https://www.gstatic.com/firebasejs/live/10.12/firebase.tgz"},"components":{"analytics":"https://www.gstatic.com/firebasejs/10.12.2/firebase-analytics.js","app":"https://www.gstatic.com/firebasejs/10.12.2/firebase-app.js","app-check":"https://www.gstatic.com/firebasejs/10.12.2/firebase-app-check.js","auth":"https://www.gstatic.com/firebasejs/10.12.2/firebase-auth.js","auth/cordova":"https://www.gstatic.com/firebasejs/10.12.2/firebase-auth/cordova.js","auth/web-extension":"https://www.gstatic.com/firebasejs/10.12.2/firebase-auth/web-extension.js","functions":"https://www.gstatic.com/firebasejs/10.12.2/firebase-functions.js","firestore":"https://www.gstatic.com/firebasejs/10.12.2/firebase-firestore.js","firestore/lite":"https://www.gstatic.com/firebasejs/10.12.2/firebase-firestore/lite.js","installations":"https://www.gstatic.com/firebasejs/10.12.2/firebase-installations.js","storage":"https://www.gstatic.com/firebasejs/10.12.2/firebase-storage.js","performance":"https://www.gstatic.com/firebasejs/10.12.2/firebase-performance.js","remote-config":"https://www.gstatic.com/firebasejs/10.12.2/firebase-remote-config.js","messaging":"https://www.gstatic.com/firebasejs/10.12.2/firebase-messaging.js","messaging/sw":"https://www.gstatic.com/firebasejs/10.12.2/firebase-messaging/sw.js","database":"https://www.gstatic.com/firebasejs/10.12.2/firebase-database.js","vertexai-preview":"https://www.gstatic.com/firebasejs/10.12.2/firebase-vertexai-preview.js","firestore.memory":"https://www.gstatic.com/firebasejs/10.12.2/firebase-firestore.memory.js"}}
[info] i  Skipping write of public/index.html 
[info] 
[info] i  Detected a .git folder at /Users/t/Documents/chexss 
[info] i  Authorizing with GitHub to upload your service account to a GitHub repository's secrets store. 
[info] 
[info] Visit this URL on this device to log in:
[info] https://github.com/login/oauth/authorize?client_id=89cf50f02ac6aaed3484&state=428329466&redirect_uri=http%3A%2F%2Flocalhost%3A9005&scope=read%3Auser%20repo%20public_repo
[info] 
[info] Waiting for authentication...
[debug] [2024-05-30T14:17:20.822Z] >>> [apiv2][query] POST https://github.com/login/oauth/access_token [none]
[debug] [2024-05-30T14:17:20.822Z] >>> [apiv2][body] POST https://github.com/login/oauth/access_token [stream]
[debug] [2024-05-30T14:17:21.443Z] <<< [apiv2][status] POST https://github.com/login/oauth/access_token 200
[debug] [2024-05-30T14:17:21.444Z] <<< [apiv2][body] POST https://github.com/login/oauth/access_token {"access_token":"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","token_type":"bearer","scope":"read:user,repo"}
[debug] [2024-05-30T14:17:21.449Z] >>> [apiv2][query] GET https://api.github.com/user [none]
[debug] [2024-05-30T14:17:21.963Z] <<< [apiv2][status] GET https://api.github.com/user 200
[debug] [2024-05-30T14:17:21.963Z] <<< [apiv2][body] GET https://api.github.com/user {"login":"gyvenklabiau","id":120036837,"node_id":"U_kgDOByed5Q","avatar_url":"https://avatars.githubusercontent.com/u/120036837?v=4","gravatar_id":"","url":"https://api.github.com/users/gyvenklabiau","html_url":"https://github.com/gyvenklabiau","followers_url":"https://api.github.com/users/gyvenklabiau/followers","following_url":"https://api.github.com/users/gyvenklabiau/following{/other_user}","gists_url":"https://api.github.com/users/gyvenklabiau/gists{/gist_id}","starred_url":"https://api.github.com/users/gyvenklabiau/starred{/owner}{/repo}","subscriptions_url":"https://api.github.com/users/gyvenklabiau/subscriptions","organizations_url":"https://api.github.com/users/gyvenklabiau/orgs","repos_url":"https://api.github.com/users/gyvenklabiau/repos","events_url":"https://api.github.com/users/gyvenklabiau/events{/privacy}","received_events_url":"https://api.github.com/users/gyvenklabiau/received_events","type":"User","site_admin":false,"name":null,"company":null,"blog":"","location":null,"email":null,"hireable":null,"bio":null,"twitter_username":null,"public_repos":3,"public_gists":0,"followers":0,"following":0,"created_at":"2022-12-07T15:08:35Z","updated_at":"2024-05-30T13:33:07Z","private_gists":0,"total_private_repos":9,"owned_private_repos":9,"disk_usage":78069,"collaborators":2,"two_factor_authentication":false,"plan":{"name":"free","space":976562499,"collaborators":0,"private_repos":10000}}
[info] 
[info] ✔  Success! Logged into GitHub as gyvenklabiau 
[info] 
